Build started 05/06/2017 22:48:24.
     1>Project "C:\Users\GX60\Documents\Visual Studio 2013\Projects\ModernOpenGL - My Own 3\ModernOpenGL\ModernOpenGL.vcxproj" on node 2 (Build target(s)).
     1>ClCompile:
         C:\Program Files (x86)\Microsoft Visual Studio 12.0\VC\bin\CL.exe /c /I"D:\GAME LIBRARIES\glut-3.7.6-bin\inc" /I"D:\GAME LIBRARIES\glew-1.13.0\include\GL" /I"D:\GAME LIBRARIES\glfw-3.2.bin.WIN32\include\GLFW" /I"D:\GAME LIBRARIES\glm\glm" /I"D:\GAME LIBRARIES\SDL2-2.0.4\include" /ZI /nologo /W3 /WX- /Od /Oy- /D WIN32 /D _DEBUG /D _WINDOWS /D _UNICODE /D UNICODE /Gm /EHsc /RTC1 /MTd /GS /fp:precise /Zc:wchar_t /Zc:forScope /Fo"Debug\\" /Fd"Debug\vc120.pdb" /Gd /TP /analyze- /errorReport:prompt Mesh.cpp
         Mesh.cpp
       Link:
         C:\Program Files (x86)\Microsoft Visual Studio 12.0\VC\bin\link.exe /ERRORREPORT:PROMPT /OUT:"C:\Users\GX60\Documents\Visual Studio 2013\Projects\ModernOpenGL - My Own 3\Debug\ModernOpenGL.exe" /INCREMENTAL /NOLOGO /LIBPATH:"D:\GAME LIBRARIES\glut-3.7.6-bin\libs" /LIBPATH:"D:\GAME LIBRARIES\glew-1.13.0\lib\Release\Win32" /LIBPATH:"D:\GAME LIBRARIES\glfw-3.2.bin.WIN32\lib-vc2013" /LIBPATH:"D:\GAME LIBRARIES\SDL2-2.0.4\lib\x86" opengl32.lib SDL2.lib SDL2main.lib glfw3.lib glfw3dll.lib glew32.lib glew32s.lib glut32.lib kernel32.lib user32.lib gdi32.lib winspool.lib comdlg32.lib advapi32.lib shell32.lib ole32.lib oleaut32.lib uuid.lib odbc32.lib odbccp32.lib /MANIFEST /MANIFESTUAC:"level='asInvoker' uiAccess='false'" /manifest:embed /DEBUG /PDB:"C:\Users\GX60\Documents\Visual Studio 2013\Projects\ModernOpenGL - My Own 3\Debug\ModernOpenGL.pdb" /SUBSYSTEM:CONSOLE /TLBID:1 /DYNAMICBASE /NXCOMPAT /IMPLIB:"C:\Users\GX60\Documents\Visual Studio 2013\Projects\ModernOpenGL - My Own 3\Debug\ModernOpenGL.lib" /MACHINE:X86 Debug\Camera.obj
         Debug\Cube.obj
         Debug\GameObject.obj
         Debug\GameWorld.obj
         Debug\GLSL.obj
         Debug\main.obj
         Debug\Mesh.obj
         Debug\stb_image.obj
         Debug\Texture.obj
         Debug\Time.obj
         Debug\Window.obj
         ModernOpenGL.vcxproj -> C:\Users\GX60\Documents\Visual Studio 2013\Projects\ModernOpenGL - My Own 3\Debug\ModernOpenGL.exe
     1>Done Building Project "C:\Users\GX60\Documents\Visual Studio 2013\Projects\ModernOpenGL - My Own 3\ModernOpenGL\ModernOpenGL.vcxproj" (Build target(s)).

Build succeeded.

Time Elapsed 00:00:07.46
